<cell xs='0' ys='0' ss='1' ps='1212 ' ds='1' cs='1' />
<cell xs='1' ys='0' ss='2' ps='1112 ' ds='1' cs='0' />
<cell xs='2' ys='0' ss='2' ps='1112 ' ds='2' cs='0' />
<cell xs='3' ys='0' ss='3' ps='2112 ' ds='2' cs='0' />

<cell xs='0' ys='1' ss='2' ps='1211 ' ds='1' cs='0' />
<cell xs='1' ys='1' ss='2' ps='1121 ' ds='2' cs='0' />
<cell xs='2' ys='1' ss='2' ps='1121 ' ds='1' cs='0' />
<cell xs='3' ys='1' ss='2' ps='2111 ' ds='1' cs='0' />

<cell xs='0' ys='2' ss='2' ps='2211 ' ds='1' cs='0' />
<cell xs='1' ys='2' ss='1' ps='2222 ' ds='0' cs='0' />
<cell xs='2' ys='2' ss='1' ps='2222 ' ds='0' cs='0' />
<cell xs='3' ys='2' ss='2' ps='2211 ' ds='1' cs='0' />

<cell xs='0' ys='3' ss='2' ps='2211 ' ds='1' cs='0' />
<cell xs='1' ys='3' ss='1' ps='2222 ' ds='0' cs='0' />
<cell xs='2' ys='3' ss='2' ps='1212 ' ds='1' cs='0' />
<cell xs='3' ys='3' ss='2' ps='2111 ' ds='2' cs='0' />

<cell xs='0' ys='4' ss='4' ps='1221 ' ds='1' cs='0' />
<cell xs='1' ys='4' ss='4' ps='1122 ' ds='1' cs='0' />
<cell xs='2' ys='4' ss='4' ps='1121 ' ds='3' cs='0' />
<cell xs='3' ys='4' ss='4' ps='2121 ' ds='1' cs='0' />